<?xml version="1.0" encoding="UTF-8"?>
<testng-results ignored="0" total="3" passed="3" failed="0" skipped="0">
  <reporter-output>
  </reporter-output>
  <suite started-at="2026-02-16T09:56:42 IST" name="Default suite" finished-at="2026-02-16T09:59:16 IST" duration-ms="154573">
    <groups>
    </groups>
    <test started-at="2026-02-16T09:56:42 IST" name="Default test" finished-at="2026-02-16T09:59:16 IST" duration-ms="154573">
      <class name="tests.LoginTest">
        <test-method is-config="true" signature="setUp()[pri:0, instance:tests.LoginTest@77847718]" started-at="2026-02-16T09:56:42 IST" name="setUp" finished-at="2026-02-16T09:57:37 IST" duration-ms="55115" status="PASS">
          <reporter-output>
          </reporter-output>
        </test-method> <!-- setUp -->
        <test-method is-config="true" signature="setupLoginPage()[pri:0, instance:tests.LoginTest@77847718]" started-at="2026-02-16T09:57:37 IST" name="setupLoginPage" finished-at="2026-02-16T09:57:40 IST" duration-ms="2605" status="PASS">
          <reporter-output>
          </reporter-output>
        </test-method> <!-- setupLoginPage -->
        <test-method signature="verifyLoginWithValidCredentials()[pri:1, instance:tests.LoginTest@77847718]" started-at="2026-02-16T09:57:40 IST" name="verifyLoginWithValidCredentials" finished-at="2026-02-16T09:58:14 IST" duration-ms="34580" status="PASS">
          <reporter-output>
          </reporter-output>
        </test-method> <!-- verifyLoginWithValidCredentials -->
        <test-method is-config="true" signature="tearDown()[pri:0, instance:tests.LoginTest@77847718]" started-at="2026-02-16T09:58:14 IST" name="tearDown" finished-at="2026-02-16T09:58:15 IST" duration-ms="533" status="PASS">
          <reporter-output>
          </reporter-output>
        </test-method> <!-- tearDown -->
        <test-method is-config="true" signature="setUp()[pri:0, instance:tests.LoginTest@77847718]" started-at="2026-02-16T09:58:15 IST" name="setUp" finished-at="2026-02-16T09:58:24 IST" duration-ms="9631" status="PASS">
          <reporter-output>
          </reporter-output>
        </test-method> <!-- setUp -->
        <test-method is-config="true" signature="setupLoginPage()[pri:0, instance:tests.LoginTest@77847718]" started-at="2026-02-16T09:58:24 IST" name="setupLoginPage" finished-at="2026-02-16T09:58:26 IST" duration-ms="2122" status="PASS">
          <reporter-output>
          </reporter-output>
        </test-method> <!-- setupLoginPage -->
        <test-method signature="verifyLoginWithInvalidCredentials()[pri:2, instance:tests.LoginTest@77847718]" started-at="2026-02-16T09:58:26 IST" name="verifyLoginWithInvalidCredentials" finished-at="2026-02-16T09:58:36 IST" duration-ms="9120" status="PASS">
          <reporter-output>
          </reporter-output>
        </test-method> <!-- verifyLoginWithInvalidCredentials -->
        <test-method is-config="true" signature="tearDown()[pri:0, instance:tests.LoginTest@77847718]" started-at="2026-02-16T09:58:36 IST" name="tearDown" finished-at="2026-02-16T09:58:36 IST" duration-ms="385" status="PASS">
          <reporter-output>
          </reporter-output>
        </test-method> <!-- tearDown -->
        <test-method is-config="true" signature="setUp()[pri:0, instance:tests.LoginTest@77847718]" started-at="2026-02-16T09:58:36 IST" name="setUp" finished-at="2026-02-16T09:58:55 IST" duration-ms="18980" status="PASS">
          <reporter-output>
          </reporter-output>
        </test-method> <!-- setUp -->
        <test-method is-config="true" signature="setupLoginPage()[pri:0, instance:tests.LoginTest@77847718]" started-at="2026-02-16T09:58:55 IST" name="setupLoginPage" finished-at="2026-02-16T09:58:59 IST" duration-ms="3670" status="PASS">
          <reporter-output>
          </reporter-output>
        </test-method> <!-- setupLoginPage -->
        <test-method signature="verifyLogoutFunctionality()[pri:3, instance:tests.LoginTest@77847718]" started-at="2026-02-16T09:58:59 IST" name="verifyLogoutFunctionality" finished-at="2026-02-16T09:59:16 IST" duration-ms="17224" status="PASS">
          <reporter-output>
          </reporter-output>
        </test-method> <!-- verifyLogoutFunctionality -->
        <test-method is-config="true" signature="tearDown()[pri:0, instance:tests.LoginTest@77847718]" started-at="2026-02-16T09:59:16 IST" name="tearDown" finished-at="2026-02-16T09:59:16 IST" duration-ms="478" status="PASS">
          <reporter-output>
          </reporter-output>
        </test-method> <!-- tearDown -->
      </class> <!-- tests.LoginTest -->
<testng-results ignored="0" total="1" passed="1" failed="0" skipped="0">
  <reporter-output>
  </reporter-output>
  <suite started-at="2026-02-16T10:07:04 IST" name="Default suite" finished-at="2026-02-16T10:07:51 IST" duration-ms="47480">
    <groups>
    </groups>
    <test started-at="2026-02-16T10:07:04 IST" name="Default test" finished-at="2026-02-16T10:07:51 IST" duration-ms="47480">
      <class name="tests.CartTest">
        <test-method is-config="true" signature="setUp()[pri:0, instance:tests.CartTest@72967906]" started-at="2026-02-16T10:07:04 IST" name="setUp" finished-at="2026-02-16T10:07:08 IST" duration-ms="4127" status="PASS">
          <reporter-output>
          </reporter-output>
        </test-method> <!-- setUp -->
        <test-method signature="verifyProductDetailsInCart()[pri:0, instance:tests.CartTest@72967906]" started-at="2026-02-16T10:07:08 IST" name="verifyProductDetailsInCart" finished-at="2026-02-16T10:07:51 IST" duration-ms="43050" status="PASS">
          <reporter-output>
          </reporter-output>
        </test-method> <!-- verifyProductDetailsInCart -->
        <test-method is-config="true" signature="tearDown()[pri:0, instance:tests.CartTest@72967906]" started-at="2026-02-16T10:07:51 IST" name="tearDown" finished-at="2026-02-16T10:07:51 IST" duration-ms="257" status="PASS">
          <reporter-output>
          </reporter-output>
        </test-method> <!-- tearDown -->
      </class> <!-- tests.CartTest -->
    </test> <!-- Default test -->
  </suite> <!-- Default suite -->
</testng-results>
