<?xml version="1.0" encoding="UTF-8"?>
<!-- Generated by org.testng.reporters.JUnitXMLReporter -->
<testsuite ignored="0" hostname="LAPTOP-3I6BT7LJ" failures="2" tests="21" name="RegressionTests" time="267.35" errors="0" timestamp="2026-02-16T23:54:09 IST">
  <testcase classname="tests.ContactUsTest" name="verifyContactUsFormSubmission" time="7.142">
    <failure type="org.openqa.selenium.InvalidArgumentException" message="invalid argument: File not found : D:\HCL_Projects\EcommerceProjectTesting\test-data\sample.txt
  (Session info: chrome=144.0.7559.133)
Build info: version: &amp;apos;4.22.0&amp;apos;, revision: &amp;apos;c5f3146703*&amp;apos;
System info: os.name: &amp;apos;Windows 11&amp;apos;, os.arch: &amp;apos;amd64&amp;apos;, os.version: &amp;apos;10.0&amp;apos;, java.version: &amp;apos;17.0.9&amp;apos;
Driver info: org.openqa.selenium.chrome.ChromeDriver
Command: [a86aacf37fc61263dfe079ece412be2a, sendKeysToElement {id=f.93BCB82570914E3DE2ABFD59AD954611.d.14991689F6157FF889E7651DEE450A54.e.49, value=[Ljava.lang.CharSequence;@777c9dc9}]
Capabilities {acceptInsecureCerts: false, browserName: chrome, browserVersion: 144.0.7559.133, chrome: {chromedriverVersion: 144.0.7559.133 (7da823b1d59..., userDataDir: C:\Users\ANUJDW~1\AppData\L...}, fedcm:accounts: true, goog:chromeOptions: {debuggerAddress: localhost:63558}, goog:processID: 25492, networkConnectionEnabled: false, pageLoadStrategy: normal, platformName: windows, proxy: Proxy(), se:cdp: ws://localhost:63558/devtoo..., se:cdpVersion: 144.0.7559.133, setWindowRect: true, strictFileInteractability: false, timeouts: {implicit: 0, pageLoad: 300000, script: 30000}, unhandledPromptBehavior: dismiss and notify, webauthn:extension:credBlob: true, webauthn:extension:largeBlob: true, webauthn:extension:minPinLength: true, webauthn:extension:prf: true, webauthn:virtualAuthenticators: true}
Element: [[ChromeDriver: chrome on windows (a86aacf37fc61263dfe079ece412be2a)] -&amp;gt; name: upload_file]
Session ID: a86aacf37fc61263dfe079ece412be2a">
      <![CDATA[org.openqa.selenium.InvalidArgumentException: invalid argument: File not found : D:\HCL_Projects\EcommerceProjectTesting\test-data\sample.txt
  (Session info: chrome=144.0.7559.133)
Build info: version: '4.22.0', revision: 'c5f3146703*'
System info: os.name: 'Windows 11', os.arch: 'amd64', os.version: '10.0', java.version: '17.0.9'
Driver info: org.openqa.selenium.chrome.ChromeDriver
Command: [a86aacf37fc61263dfe079ece412be2a, sendKeysToElement {id=f.93BCB82570914E3DE2ABFD59AD954611.d.14991689F6157FF889E7651DEE450A54.e.49, value=[Ljava.lang.CharSequence;@777c9dc9}]
Capabilities {acceptInsecureCerts: false, browserName: chrome, browserVersion: 144.0.7559.133, chrome: {chromedriverVersion: 144.0.7559.133 (7da823b1d59..., userDataDir: C:\Users\ANUJDW~1\AppData\L...}, fedcm:accounts: true, goog:chromeOptions: {debuggerAddress: localhost:63558}, goog:processID: 25492, networkConnectionEnabled: false, pageLoadStrategy: normal, platformName: windows, proxy: Proxy(), se:cdp: ws://localhost:63558/devtoo..., se:cdpVersion: 144.0.7559.133, setWindowRect: true, strictFileInteractability: false, timeouts: {implicit: 0, pageLoad: 300000, script: 30000}, unhandledPromptBehavior: dismiss and notify, webauthn:extension:credBlob: true, webauthn:extension:largeBlob: true, webauthn:extension:minPinLength: true, webauthn:extension:prf: true, webauthn:virtualAuthenticators: true}
Element: [[ChromeDriver: chrome on windows (a86aacf37fc61263dfe079ece412be2a)] -> name: upload_file]
Session ID: a86aacf37fc61263dfe079ece412be2a
at org.openqa.selenium.remote.ErrorCodec.decode(ErrorCodec.java:167)
at org.openqa.selenium.remote.codec.w3c.W3CHttpResponseCodec.decode(W3CHttpResponseCodec.java:138)
at org.openqa.selenium.remote.codec.w3c.W3CHttpResponseCodec.decode(W3CHttpResponseCodec.java:50)
at org.openqa.selenium.remote.HttpCommandExecutor.execute(HttpCommandExecutor.java:190)
at org.openqa.selenium.remote.service.DriverCommandExecutor.invokeExecute(DriverCommandExecutor.java:216)
at org.openqa.selenium.remote.service.DriverCommandExecutor.execute(DriverCommandExecutor.java:174)
at org.openqa.selenium.remote.RemoteWebDriver.execute(RemoteWebDriver.java:518)
at org.openqa.selenium.remote.RemoteWebElement.execute(RemoteWebElement.java:223)
at org.openqa.selenium.remote.RemoteWebElement.sendKeys(RemoteWebElement.java:110)
at org.openqa.selenium.support.pagefactory.internal.LocatingElementHandler.invoke(LocatingElementHandler.java:51)
at jdk.proxy2/jdk.proxy2.$Proxy14.sendKeys(Unknown Source)
at pages.ContactUsPage.uploadFile(ContactUsPage.java:62)
at tests.ContactUsTest.verifyContactUsFormSubmission(ContactUsTest.java:20)
at java.base/java.util.ArrayList.forEach(ArrayList.java:1511)
... Removed 36 stack frames]]>
    </failure>
  </testcase> <!-- verifyContactUsFormSubmission -->
  <testcase classname="tests.ContactUsTest" name="verifyContactUsPageLoads" time="2.243"/>
  <testcase classname="tests.ContactUsTest" name="verifyFileUploadFieldEnabled" time="2.306"/>
  <testcase classname="tests.ContactUsTest" name="verifyFormSubmissionWithoutData" time="3.196"/>
  <testcase classname="tests.ContactUsTest" name="verifyInvalidEmailFormat" time="5.516"/>
  <testcase classname="tests.HomePageTest" name="verifyCategorySectionVisible" time="0.047"/>
  <testcase classname="tests.HomePageTest" name="verifyFeaturedItemsSection" time="0.042"/>
  <testcase classname="tests.HomePageTest" name="verifyFooterVisible" time="0.104"/>
  <testcase classname="tests.HomePageTest" name="verifyHomePageLoaded" time="0.043"/>
  <testcase classname="tests.HomePageTest" name="verifyScrollUpFeature" time="0.387"/>
  <testcase classname="tests.ProductsTest" name="verifyAddToCartFunctionality" time="15.139">
    <failure type="org.openqa.selenium.TimeoutException" message="Expected condition failed: waiting for visibility of [[ChromeDriver: chrome on windows (f6c3d3e7d6fd65a7e2d26279aba7efca)] -&amp;gt; xpath: //div[@class=&amp;apos;col-sm-9 padding-right&amp;apos;]//div[2]//div[1]//div[1]//div[2]//div[1]//a[1]] (tried for 10 second(s) with 500 milliseconds interval)
Build info: version: &amp;apos;4.22.0&amp;apos;, revision: &amp;apos;c5f3146703*&amp;apos;
System info: os.name: &amp;apos;Windows 11&amp;apos;, os.arch: &amp;apos;amd64&amp;apos;, os.version: &amp;apos;10.0&amp;apos;, java.version: &amp;apos;17.0.9&amp;apos;
Driver info: org.openqa.selenium.chrome.ChromeDriver
Capabilities {acceptInsecureCerts: false, browserName: chrome, browserVersion: 144.0.7559.133, chrome: {chromedriverVersion: 144.0.7559.133 (7da823b1d59..., userDataDir: C:\Users\ANUJDW~1\AppData\L...}, fedcm:accounts: true, goog:chromeOptions: {debuggerAddress: localhost:54681}, goog:processID: 22368, networkConnectionEnabled: false, pageLoadStrategy: normal, platformName: windows, proxy: Proxy(), se:cdp: ws://localhost:54681/devtoo..., se:cdpVersion: 144.0.7559.133, setWindowRect: true, strictFileInteractability: false, timeouts: {implicit: 0, pageLoad: 300000, script: 30000}, unhandledPromptBehavior: dismiss and notify, webauthn:extension:credBlob: true, webauthn:extension:largeBlob: true, webauthn:extension:minPinLength: true, webauthn:extension:prf: true, webauthn:virtualAuthenticators: true}
Session ID: f6c3d3e7d6fd65a7e2d26279aba7efca">
      <![CDATA[org.openqa.selenium.TimeoutException: Expected condition failed: waiting for visibility of [[ChromeDriver: chrome on windows (f6c3d3e7d6fd65a7e2d26279aba7efca)] -> xpath: //div[@class='col-sm-9 padding-right']//div[2]//div[1]//div[1]//div[2]//div[1]//a[1]] (tried for 10 second(s) with 500 milliseconds interval)
Build info: version: '4.22.0', revision: 'c5f3146703*'
System info: os.name: 'Windows 11', os.arch: 'amd64', os.version: '10.0', java.version: '17.0.9'
Driver info: org.openqa.selenium.chrome.ChromeDriver
Capabilities {acceptInsecureCerts: false, browserName: chrome, browserVersion: 144.0.7559.133, chrome: {chromedriverVersion: 144.0.7559.133 (7da823b1d59..., userDataDir: C:\Users\ANUJDW~1\AppData\L...}, fedcm:accounts: true, goog:chromeOptions: {debuggerAddress: localhost:54681}, goog:processID: 22368, networkConnectionEnabled: false, pageLoadStrategy: normal, platformName: windows, proxy: Proxy(), se:cdp: ws://localhost:54681/devtoo..., se:cdpVersion: 144.0.7559.133, setWindowRect: true, strictFileInteractability: false, timeouts: {implicit: 0, pageLoad: 300000, script: 30000}, unhandledPromptBehavior: dismiss and notify, webauthn:extension:credBlob: true, webauthn:extension:largeBlob: true, webauthn:extension:minPinLength: true, webauthn:extension:prf: true, webauthn:virtualAuthenticators: true}
Session ID: f6c3d3e7d6fd65a7e2d26279aba7efca
at org.openqa.selenium.support.ui.WebDriverWait.timeoutException(WebDriverWait.java:84)
at org.openqa.selenium.support.ui.FluentWait.until(FluentWait.java:228)
at pages.ProductsPage.clickFirstAddToCart(ProductsPage.java:99)
at tests.ProductsTest.verifyAddToCartFunctionality(ProductsTest.java:67)
at java.base/java.util.ArrayList.forEach(ArrayList.java:1511)
... Removed 27 stack frames]]>
    </failure>
  </testcase> <!-- verifyAddToCartFunctionality -->
  <testcase classname="tests.ProductsTest" name="verifyAllProductsDisplayed" time="4.085"/>
  <testcase classname="tests.ProductsTest" name="verifyProductsPageLoads" time="0.338"/>
  <testcase classname="tests.ProductsTest" name="verifySearchProduct" time="6.49"/>
  <testcase classname="tests.ProductsTest" name="verifyViewProductNavigation" time="4.752"/>
  <testcase classname="tests.LoginTest" name="verifyLoginWithValidCredentials" time="5.64"/>
  <testcase classname="tests.LoginTest" name="verifyLoginWithInvalidCredentials" time="2.078"/>
  <testcase classname="tests.LoginTest" name="verifyLogoutFunctionality" time="8.464"/>
  <testcase classname="tests.CartTest" name="verifyCartPageNavigation" time="1.03"/>
  <testcase classname="tests.CartTest" name="verifyProductDetailsInCart" time="7.674"/>
  <testcase classname="tests.CartTest" name="verifyRemoveProductFromCart" time="6.084"/>
</testsuite> <!-- RegressionTests -->
