<?xml version="1.0" encoding="UTF-8"?>
<!-- Generated by org.testng.reporters.JUnitReportReporter -->
<testsuite hostname="LAPTOP-3I6BT7LJ" failures="0" tests="3" name="tests.LoginTest" time="46.009" errors="0" timestamp="2026-02-16T23:54:09 IST" skipped="0">
  <testcase classname="tests.LoginTest" name="verifyLoginWithValidCredentials" time="13.037"/>
  <testcase classname="tests.LoginTest" name="verifyLoginWithInvalidCredentials" time="15.914"/>
  <testcase classname="tests.LoginTest" name="verifyLogoutFunctionality" time="17.058"/>
</testsuite> <!-- tests.LoginTest -->
