<?xml version="1.0" encoding="UTF-8"?>
<!-- Generated by org.testng.reporters.JUnitReportReporter -->
<testsuite hostname="HITMAN" failures="0" tests="3" name="tests.LoginTest" time="35.017" errors="0" timestamp="2026-02-16T10:47:04 IST" skipped="0">
  <testcase classname="tests.LoginTest" name="verifyLoginWithValidCredentials" time="7.720"/>
  <testcase classname="tests.LoginTest" name="verifyLoginWithInvalidCredentials" time="15.407"/>
  <testcase classname="tests.LoginTest" name="verifyLogoutFunctionality" time="11.890"/>
</testsuite> <!-- tests.LoginTest -->
