<?xml version="1.0" encoding="UTF-8"?>
<!-- Generated by org.testng.reporters.JUnitReportReporter -->
<testsuite hostname="HITMAN" failures="0" tests="5" name="tests.ContactUsTest" time="124.741" errors="0" timestamp="2026-02-16T10:47:05 IST" skipped="0">
  <testcase classname="tests.ContactUsTest" name="verifyInvalidEmailFormat" time="18.877"/>
  <testcase classname="tests.ContactUsTest" name="verifyFileUploadFieldEnabled" time="9.815"/>
  <testcase classname="tests.ContactUsTest" name="verifyContactUsPageLoads" time="6.070"/>
  <testcase classname="tests.ContactUsTest" name="verifyFormSubmissionWithoutData" time="53.412"/>
  <testcase classname="tests.ContactUsTest" name="verifyContactUsFormSubmission" time="36.567"/>
</testsuite> <!-- tests.ContactUsTest -->
