<?xml version="1.0" encoding="UTF-8"?>
<!-- Generated by org.testng.reporters.JUnitReportReporter -->
<testsuite hostname="LAPTOP-3I6BT7LJ" failures="0" tests="3" name="tests.CartTest" time="31.777" errors="0" timestamp="2026-02-16T23:54:09 IST" skipped="0">
  <testcase classname="tests.CartTest" name="verifyRemoveProductFromCart" time="9.105"/>
  <testcase classname="tests.CartTest" name="verifyCartPageNavigation" time="7.892"/>
  <testcase classname="tests.CartTest" name="verifyProductDetailsInCart" time="14.780"/>
</testsuite> <!-- tests.CartTest -->
