<?xml version="1.0" encoding="UTF-8"?>
<!-- Generated by org.testng.reporters.JUnitReportReporter -->
<testsuite hostname="LAPTOP-3I6BT7LJ" failures="0" tests="5" name="tests.HomePageTest" time="47.835" errors="0" timestamp="2026-02-16T23:54:09 IST" skipped="0">
  <testcase classname="tests.HomePageTest" name="verifyScrollUpFeature" time="7.028"/>
  <testcase classname="tests.HomePageTest" name="verifyHomePageLoaded" time="13.139"/>
  <testcase classname="tests.HomePageTest" name="verifyFeaturedItemsSection" time="8.328"/>
  <testcase classname="tests.HomePageTest" name="verifyFooterVisible" time="10.188"/>
  <testcase classname="tests.HomePageTest" name="verifyCategorySectionVisible" time="9.152"/>
</testsuite> <!-- tests.HomePageTest -->
